# JRE version: OpenJDK Runtime Environment (Zulu 8.56.0.21-CA-macosx) (8.0_302-b08) (build 1.8.0_302-b08)
# Java VM: OpenJDK 64-Bit Server VM (25.302-b08 mixed mode bsd-amd64 compressed oops)
Heap:
 def new generation   total 124992K, used 29082K [0x0000000760000000, 0x0000000768790000, 0x0000000780000000)
  eden space 111168K,  23% used [0x0000000760000000, 0x00000007619ba7b0, 0x0000000766c90000)
  from space 13824K,  19% used [0x0000000766c90000, 0x0000000766f3c1f0, 0x0000000767a10000)
  to   space 13824K,   0% used [0x0000000767a10000, 0x0000000767a10000, 0x0000000768790000)
 tenured generation   total 276944K, used 189247K [0x0000000780000000, 0x0000000790e74000, 0x00000007c0000000)
   the space 276944K,  68% used [0x0000000780000000, 0x000000078b8cfc38, 0x000000078b8cfe00, 0x0000000790e74000)
 Metaspace       used 118884K, capacity 128386K, committed 156184K, reserved 1181696K
  class space    used 16378K, capacity 18633K, committed 23592K, reserved 1048576K
GC Heap History (10 events):
Event: 6510.395 GC heap before
{Heap before GC invocations=96 (full 6):
 def new generation   total 124992K, used 116049K [0x0000000760000000, 0x0000000768790000, 0x0000000780000000)
  eden space 111168K, 100% used [0x0000000760000000, 0x0000000766c90000, 0x0000000766c90000)
  from space 13824K,  35% used [0x0000000767a10000, 0x0000000767ed4798, 0x0000000768790000)
  to   space 13824K,   0% used [0x0000000766c90000, 0x0000000766c90000, 0x0000000767a10000)
 tenured generation   total 276944K, used 166164K [0x0000000780000000, 0x0000000790e74000, 0x00000007c0000000)
   the space 276944K,  59% used [0x0000000780000000, 0x000000078a245218, 0x000000078a245400, 0x0000000790e74000)
 Metaspace       used 116746K, capacity 125804K, committed 156184K, reserved 1181696K
  class space    used 16001K, capacity 18122K, committed 23592K, reserved 1048576K
Event: 6510.438 GC heap after
Heap after GC invocations=97 (full 6):
 def new generation   total 124992K, used 13824K [0x0000000760000000, 0x0000000768790000, 0x0000000780000000)
  eden space 111168K,   0% used [0x0000000760000000, 0x0000000760000000, 0x0000000766c90000)
  from space 13824K, 100% used [0x0000000766c90000, 0x0000000767a10000, 0x0000000767a10000)
  to   space 13824K,   0% used [0x0000000767a10000, 0x0000000767a10000, 0x0000000768790000)
 tenured generation   total 276944K, used 168154K [0x0000000780000000, 0x0000000790e74000, 0x00000007c0000000)
   the space 276944K,  60% used [0x0000000780000000, 0x000000078a436998, 0x000000078a436a00, 0x0000000790e74000)
 Metaspace       used 116746K, capacity 125804K, committed 156184K, reserved 1181696K
  class space    used 16001K, capacity 18122K, committed 23592K, reserved 1048576K
}
Event: 6513.803 GC heap before
{Heap before GC invocations=97 (full 6):
 def new generation   total 124992K, used 124992K [0x0000000760000000, 0x0000000768790000, 0x0000000780000000)
  eden space 111168K, 100% used [0x0000000760000000, 0x0000000766c90000, 0x0000000766c90000)
  from space 13824K, 100% used [0x0000000766c90000, 0x0000000767a10000, 0x0000000767a10000)
  to   space 13824K,   0% used [0x0000000767a10000, 0x0000000767a10000, 0x0000000768790000)
 tenured generation   total 276944K, used 168154K [0x0000000780000000, 0x0000000790e74000, 0x00000007c0000000)
   the space 276944K,  60% used [0x0000000780000000, 0x000000078a436998, 0x000000078a436a00, 0x0000000790e74000)
 Metaspace       used 118758K, capacity 128280K, committed 156184K, reserved 1181696K
  class space    used 16372K, capacity 18624K, committed 23592K, reserved 1048576K
Event: 6513.854 GC heap after
Heap after GC invocations=98 (full 6):
 def new generation   total 124992K, used 9132K [0x0000000760000000, 0x0000000768790000, 0x0000000780000000)
  eden space 111168K,   0% used [0x0000000760000000, 0x0000000760000000, 0x0000000766c90000)
  from space 13824K,  66% used [0x0000000767a10000, 0x00000007682fb290, 0x0000000768790000)
  to   space 13824K,   0% used [0x0000000766c90000, 0x0000000766c90000, 0x0000000767a10000)
 tenured generation   total 276944K, used 181925K [0x0000000780000000, 0x0000000790e74000, 0x00000007c0000000)
   the space 276944K,  65% used [0x0000000780000000, 0x000000078b1a96a8, 0x000000078b1a9800, 0x0000000790e74000)
 Metaspace       used 118758K, capacity 128280K, committed 156184K, reserved 1181696K
  class space    used 16372K, capacity 18624K, committed 23592K, reserved 1048576K
}
Event: 8072.429 GC heap before
{Heap before GC invocations=98 (full 6):
 def new generation   total 124992K, used 120300K [0x0000000760000000, 0x0000000768790000, 0x0000000780000000)
  eden space 111168K, 100% used [0x0000000760000000, 0x0000000766c90000, 0x0000000766c90000)
  from space 13824K,  66% used [0x0000000767a10000, 0x00000007682fb290, 0x0000000768790000)
  to   space 13824K,   0% used [0x0000000766c90000, 0x0000000766c90000, 0x0000000767a10000)
 tenured generation   total 276944K, used 181925K [0x0000000780000000, 0x0000000790e74000, 0x00000007c0000000)
   the space 276944K,  65% used [0x0000000780000000, 0x000000078b1a96a8, 0x000000078b1a9800, 0x0000000790e74000)
 Metaspace       used 118841K, capacity 128374K, committed 156184K, reserved 1181696K
  class space    used 16377K, capacity 18629K, committed 23592K, reserved 1048576K
Event: 8072.504 GC heap after
Heap after GC invocations=99 (full 6):
 def new generation   total 124992K, used 3673K [0x0000000760000000, 0x0000000768790000, 0x0000000780000000)
  eden space 111168K,   0% used [0x0000000760000000, 0x0000000760000000, 0x0000000766c90000)
  from space 13824K,  26% used [0x0000000766c90000, 0x0000000767026720, 0x0000000767a10000)
  to   space 13824K,   0% used [0x0000000767a10000, 0x0000000767a10000, 0x0000000768790000)
 tenured generation   total 276944K, used 189247K [0x0000000780000000, 0x0000000790e74000, 0x00000007c0000000)
   the space 276944K,  68% used [0x0000000780000000, 0x000000078b8cfc38, 0x000000078b8cfe00, 0x0000000790e74000)
 Metaspace       used 118841K, capacity 128374K, committed 156184K, reserved 1181696K
  class space    used 16377K, capacity 18629K, committed 23592K, reserved 1048576K
}
Event: 8072.642 GC heap before
{Heap before GC invocations=99 (full 6):
 def new generation   total 124992K, used 114841K [0x0000000760000000, 0x0000000768790000, 0x0000000780000000)
  eden space 111168K, 100% used [0x0000000760000000, 0x0000000766c90000, 0x0000000766c90000)
  from space 13824K,  26% used [0x0000000766c90000, 0x0000000767026720, 0x0000000767a10000)
  to   space 13824K,   0% used [0x0000000767a10000, 0x0000000767a10000, 0x0000000768790000)
 tenured generation   total 276944K, used 189247K [0x0000000780000000, 0x0000000790e74000, 0x00000007c0000000)
   the space 276944K,  68% used [0x0000000780000000, 0x000000078b8cfc38, 0x000000078b8cfe00, 0x0000000790e74000)
 Metaspace       used 118842K, capacity 128374K, committed 156184K, reserved 1181696K
  class space    used 16377K, capacity 18629K, committed 23592K, reserved 1048576K
Event: 8072.649 GC heap after
Heap after GC invocations=100 (full 6):
 def new generation   total 124992K, used 2700K [0x0000000760000000, 0x0000000768790000, 0x0000000780000000)
  eden space 111168K,   0% used [0x0000000760000000, 0x0000000760000000, 0x0000000766c90000)
  from space 13824K,  19% used [0x0000000767a10000, 0x0000000767cb33c8, 0x0000000768790000)
  to   space 13824K,   0% used [0x0000000766c90000, 0x0000000766c90000, 0x0000000767a10000)
 tenured generation   total 276944K, used 189247K [0x0000000780000000, 0x0000000790e74000, 0x00000007c0000000)
   the space 276944K,  68% used [0x0000000780000000, 0x000000078b8cfc38, 0x000000078b8cfe00, 0x0000000790e74000)
 Metaspace       used 118842K, capacity 128374K, committed 156184K, reserved 1181696K
  class space    used 16377K, capacity 18629K, committed 23592K, reserved 1048576K
}
Event: 8072.701 GC heap before
{Heap before GC invocations=100 (full 6):
 def new generation   total 124992K, used 113868K [0x0000000760000000, 0x0000000768790000, 0x0000000780000000)
  eden space 111168K, 100% used [0x0000000760000000, 0x0000000766c90000, 0x0000000766c90000)
  from space 13824K,  19% used [0x0000000767a10000, 0x0000000767cb33c8, 0x0000000768790000)
  to   space 13824K,   0% used [0x0000000766c90000, 0x0000000766c90000, 0x0000000767a10000)
 tenured generation   total 276944K, used 189247K [0x0000000780000000, 0x0000000790e74000, 0x00000007c0000000)
   the space 276944K,  68% used [0x0000000780000000, 0x000000078b8cfc38, 0x000000078b8cfe00, 0x0000000790e74000)
 Metaspace       used 118849K, capacity 128374K, committed 156184K, reserved 1181696K
  class space    used 16377K, capacity 18629K, committed 23592K, reserved 1048576K
Event: 8072.707 GC heap after
Heap after GC invocations=101 (full 6):
 def new generation   total 124992K, used 2736K [0x0000000760000000, 0x0000000768790000, 0x0000000780000000)
  eden space 111168K,   0% used [0x0000000760000000, 0x0000000760000000, 0x0000000766c90000)
  from space 13824K,  19% used [0x0000000766c90000, 0x0000000766f3c1f0, 0x0000000767a10000)
  to   space 13824K,   0% used [0x0000000767a10000, 0x0000000767a10000, 0x0000000768790000)
 tenured generation   total 276944K, used 189247K [0x0000000780000000, 0x0000000790e74000, 0x00000007c0000000)
   the space 276944K,  68% used [0x0000000780000000, 0x000000078b8cfc38, 0x000000078b8cfe00, 0x0000000790e74000)
 Metaspace       used 118849K, capacity 128374K, committed 156184K, reserved 1181696K
  class space    used 16377K, capacity 18629K, committed 23592K, reserved 1048576K
}

